[     428ms] [ERROR] Failed to load resource: the server responded with a status of 404 () @ https://cdn.simpleicons.org/amazonaws/white:0
[     533ms] [INFO] %cDownload the React DevTools for a better development experience: https://react.dev/link/react-devtools font-weight:bold @ http://localhost:3000/_next/static/chunks/node_modules_next_dist_1ybzpk2._.js:2477
[     694ms] [LOG] [HMR] connected @ http://localhost:3000/_next/static/chunks/node_modules_next_dist_1ybzpk2._.js:2477
[  473498ms] [LOG] [Fast Refresh] rebuilding @ http://localhost:3000/_next/static/chunks/node_modules_next_dist_1ybzpk2._.js:2477
[  473525ms] [ERROR] ./src/app/page.js:50:1
Unexpected token. Did you mean `{'}'}` or `&rbrace;`?
  48 |     </PageTransition>
  49 |   );
> 50 | }
     | ^
  51 |

Parsing ecmascript source code failed @ http://localhost:3000/_next/static/chunks/node_modules_next_dist_1ybzpk2._.js:3318
[  473605ms] [ERROR] ./src/app/page.js:50:1
Unexpected token. Did you mean `{'}'}` or `&rbrace;`?
  48 |     </PageTransition>
  49 |   );
> 50 | }
     | ^
  51 |

Parsing ecmascript source code failed @ http://localhost:3000/_next/static/chunks/node_modules_next_dist_1ybzpk2._.js:3318
[  473611ms] [ERROR] ./src/app/page.js:50:1
Unexpected token. Did you mean `{'}'}` or `&rbrace;`?
  48 |     </PageTransition>
  49 |   );
> 50 | }
     | ^
  51 |

Parsing ecmascript source code failed @ http://localhost:3000/_next/static/chunks/node_modules_next_dist_1ybzpk2._.js:3318
[  473643ms] [ERROR] Failed to load resource: the server responded with a status of 500 (Internal Server Error) @ http://localhost:3000/?_rsc=q3mOO9BClNZHexY7:0
[  473658ms] [ERROR] ./src/app/page.js:50:1
Unexpected token. Did you mean `{'}'}` or `&rbrace;`?
  48 |     </PageTransition>
  49 |   );
> 50 | }
     | ^
  51 |

Parsing ecmascript source code failed @ http://localhost:3000/_next/static/chunks/node_modules_next_dist_1ybzpk2._.js:3318
[  473740ms] [ERROR] Failed to load resource: the server responded with a status of 500 (Internal Server Error) @ http://localhost:3000/:0
[  473915ms] [INFO] %cDownload the React DevTools for a better development experience: https://react.dev/link/react-devtools font-weight:bold @ http://localhost:3000/_next/static/chunks/node_modules_react-dom_0kla17-._.js:15305
[  474048ms] Error: ./src/app/page.js:50:1
Unexpected token. Did you mean `{'}'}` or `&rbrace;`?
  48 |     </PageTransition>
  49 |   );
> 50 | }
     | ^
  51 |

Parsing ecmascript source code failed


    at <unknown> (Error: ./src/app/page.js:50:1)
    at Object.getCompilationErrors (file://C:\CODING\MaPorto\node_modules\next\dist\server\dev\hot-reloader-turbopack.js:1186:59)
    at DevBundlerService.getCompilationError (file://C:\CODING\MaPorto\node_modules\next\dist\server\lib\dev-bundler-service.js:44:55)
    at DevServer.getCompilationError (file://C:\CODING\MaPorto\node_modules\next\dist\server\dev\next-dev-server.js:720:42)
    at DevServer.findPageComponents (file://C:\CODING\MaPorto\node_modules\next\dist\server\dev\next-dev-server.js:690:43)
    at async DevServer.renderErrorToResponseImpl (file://C:\CODING\MaPorto\node_modules\next\dist\server\base-server.js:1753:26)
[  474049ms] [LOG] [HMR] connected @ http://localhost:3000/_next/static/chunks/node_modules_next_dist_1gdrd03._.js:1226
[  474059ms] [ERROR] ./src/app/page.js:50:1
Unexpected token. Did you mean `{'}'}` or `&rbrace;`?
  48 |     </PageTransition>
  49 |   );
> 50 | }
     | ^
  51 |

Parsing ecmascript source code failed @ http://localhost:3000/_next/static/chunks/node_modules_next_dist_1gdrd03._.js:1945
[  474184ms] [ERROR] ./src/app/page.js:50:1
Unexpected token. Did you mean `{'}'}` or `&rbrace;`?
  48 |     </PageTransition>
  49 |   );
> 50 | }
     | ^
  51 |

Parsing ecmascript source code failed @ http://localhost:3000/_next/static/chunks/node_modules_next_dist_1gdrd03._.js:1945
[  474186ms] [LOG] [Fast Refresh] rebuilding @ http://localhost:3000/_next/static/chunks/node_modules_next_dist_1gdrd03._.js:1226
[  474985ms] [LOG] [Fast Refresh] rebuilding @ http://localhost:3000/_next/static/chunks/node_modules_next_dist_1gdrd03._.js:1226
[  474987ms] [ERROR] ./src/app/page.js:50:1
Unexpected token. Did you mean `{'}'}` or `&rbrace;`?
  48 |     </PageTransition>
  49 |   );
> 50 | }
     | ^
  51 |

Parsing ecmascript source code failed @ http://localhost:3000/_next/static/chunks/node_modules_next_dist_1gdrd03._.js:1945
[  475092ms] [ERROR] Failed to load resource: the server responded with a status of 500 (Internal Server Error) @ http://localhost:3000/:0
[  475139ms] [INFO] %cDownload the React DevTools for a better development experience: https://react.dev/link/react-devtools font-weight:bold @ http://localhost:3000/_next/static/chunks/node_modules_react-dom_0kla17-._.js:15305
[  475159ms] Error: ./src/app/page.js:50:1
Unexpected token. Did you mean `{'}'}` or `&rbrace;`?
  48 |     </PageTransition>
  49 |   );
> 50 | }
     | ^
  51 |

Parsing ecmascript source code failed


    at <unknown> (Error: ./src/app/page.js:50:1)
    at Object.getCompilationErrors (file://C:\CODING\MaPorto\node_modules\next\dist\server\dev\hot-reloader-turbopack.js:1186:59)
    at DevBundlerService.getCompilationError (file://C:\CODING\MaPorto\node_modules\next\dist\server\lib\dev-bundler-service.js:44:55)
    at DevServer.getCompilationError (file://C:\CODING\MaPorto\node_modules\next\dist\server\dev\next-dev-server.js:720:42)
    at DevServer.findPageComponents (file://C:\CODING\MaPorto\node_modules\next\dist\server\dev\next-dev-server.js:690:43)
    at async DevServer.renderErrorToResponseImpl (file://C:\CODING\MaPorto\node_modules\next\dist\server\base-server.js:1753:26)
[  475160ms] [LOG] [HMR] connected @ http://localhost:3000/_next/static/chunks/node_modules_next_dist_1gdrd03._.js:1226
[  475162ms] [ERROR] ./src/app/page.js:50:1
Unexpected token. Did you mean `{'}'}` or `&rbrace;`?
  48 |     </PageTransition>
  49 |   );
> 50 | }
     | ^
  51 |

Parsing ecmascript source code failed @ http://localhost:3000/_next/static/chunks/node_modules_next_dist_1gdrd03._.js:1945
[  475208ms] [ERROR] ./src/app/page.js:50:1
Unexpected token. Did you mean `{'}'}` or `&rbrace;`?
  48 |     </PageTransition>
  49 |   );
> 50 | }
     | ^
  51 |

Parsing ecmascript source code failed @ http://localhost:3000/_next/static/chunks/node_modules_next_dist_1gdrd03._.js:1945
[  475270ms] [LOG] [Fast Refresh] rebuilding @ http://localhost:3000/_next/static/chunks/node_modules_next_dist_1gdrd03._.js:1226
[  495586ms] [LOG] [Fast Refresh] rebuilding @ http://localhost:3000/_next/static/chunks/node_modules_next_dist_1gdrd03._.js:1226
[  495588ms] [ERROR] ./src/app/page.js:50:1
Unexpected token. Did you mean `{'}'}` or `&rbrace;`?
  48 |     </PageTransition>
  49 |   );
> 50 | }
     | ^
  51 |

Parsing ecmascript source code failed @ http://localhost:3000/_next/static/chunks/node_modules_next_dist_1gdrd03._.js:1945
[  495691ms] [ERROR] Failed to load resource: the server responded with a status of 500 (Internal Server Error) @ http://localhost:3000/:0
[  495728ms] [INFO] %cDownload the React DevTools for a better development experience: https://react.dev/link/react-devtools font-weight:bold @ http://localhost:3000/_next/static/chunks/node_modules_react-dom_0kla17-._.js:15305
[  495742ms] Error: ./src/app/page.js:50:1
Unexpected token. Did you mean `{'}'}` or `&rbrace;`?
  48 |     </PageTransition>
  49 |   );
> 50 | }
     | ^
  51 |

Parsing ecmascript source code failed


    at <unknown> (Error: ./src/app/page.js:50:1)
    at Object.getCompilationErrors (file://C:\CODING\MaPorto\node_modules\next\dist\server\dev\hot-reloader-turbopack.js:1186:59)
    at DevBundlerService.getCompilationError (file://C:\CODING\MaPorto\node_modules\next\dist\server\lib\dev-bundler-service.js:44:55)
    at DevServer.getCompilationError (file://C:\CODING\MaPorto\node_modules\next\dist\server\dev\next-dev-server.js:720:42)
    at DevServer.findPageComponents (file://C:\CODING\MaPorto\node_modules\next\dist\server\dev\next-dev-server.js:690:43)
    at async DevServer.renderErrorToResponseImpl (file://C:\CODING\MaPorto\node_modules\next\dist\server\base-server.js:1753:26)
[  495742ms] [LOG] [HMR] connected @ http://localhost:3000/_next/static/chunks/node_modules_next_dist_1gdrd03._.js:1226
[  495744ms] [ERROR] ./src/app/page.js:50:1
Unexpected token. Did you mean `{'}'}` or `&rbrace;`?
  48 |     </PageTransition>
  49 |   );
> 50 | }
     | ^
  51 |

Parsing ecmascript source code failed @ http://localhost:3000/_next/static/chunks/node_modules_next_dist_1gdrd03._.js:1945
[  495785ms] [ERROR] ./src/app/page.js:50:1
Unexpected token. Did you mean `{'}'}` or `&rbrace;`?
  48 |     </PageTransition>
  49 |   );
> 50 | }
     | ^
  51 |

Parsing ecmascript source code failed @ http://localhost:3000/_next/static/chunks/node_modules_next_dist_1gdrd03._.js:1945
[  495862ms] [LOG] [Fast Refresh] rebuilding @ http://localhost:3000/_next/static/chunks/node_modules_next_dist_1gdrd03._.js:1226
[  507861ms] [ERROR] ./src/app/page.js:50:1
Unexpected token. Did you mean `{'}'}` or `&rbrace;`?
  48 |     </PageTransition>
  49 |   );
> 50 | }
     | ^
  51 |

Parsing ecmascript source code failed @ http://localhost:3000/_next/static/chunks/node_modules_next_dist_1gdrd03._.js:1945
[  507905ms] [LOG] [Fast Refresh] rebuilding @ http://localhost:3000/_next/static/chunks/node_modules_next_dist_1gdrd03._.js:1226
[  509858ms] [ERROR] ./src/app/page.js:50:1
Unexpected token. Did you mean `{'}'}` or `&rbrace;`?
  48 |     </PageTransition>
  49 |   );
> 50 | }
     | ^
  51 |

Parsing ecmascript source code failed @ http://localhost:3000/_next/static/chunks/node_modules_next_dist_1gdrd03._.js:1945
[  509920ms] [LOG] [Fast Refresh] rebuilding @ http://localhost:3000/_next/static/chunks/node_modules_next_dist_1gdrd03._.js:1226
[  519442ms] [LOG] [Fast Refresh] rebuilding @ http://localhost:3000/_next/static/chunks/node_modules_next_dist_1gdrd03._.js:1226
[  519444ms] [ERROR] ./src/app/page.js:50:1
Unexpected token. Did you mean `{'}'}` or `&rbrace;`?
  48 |     </PageTransition>
  49 |   );
> 50 | }
     | ^
  51 |

Parsing ecmascript source code failed @ http://localhost:3000/_next/static/chunks/node_modules_next_dist_1gdrd03._.js:1945
[  519554ms] [ERROR] Failed to load resource: the server responded with a status of 500 (Internal Server Error) @ http://localhost:3000/:0
[  519592ms] [INFO] %cDownload the React DevTools for a better development experience: https://react.dev/link/react-devtools font-weight:bold @ http://localhost:3000/_next/static/chunks/node_modules_react-dom_0kla17-._.js:15305
[  519610ms] Error: ./src/app/page.js:50:1
Unexpected token. Did you mean `{'}'}` or `&rbrace;`?
  48 |     </PageTransition>
  49 |   );
> 50 | }
     | ^
  51 |

Parsing ecmascript source code failed


    at <unknown> (Error: ./src/app/page.js:50:1)
    at Object.getCompilationErrors (file://C:\CODING\MaPorto\node_modules\next\dist\server\dev\hot-reloader-turbopack.js:1186:59)
    at DevBundlerService.getCompilationError (file://C:\CODING\MaPorto\node_modules\next\dist\server\lib\dev-bundler-service.js:44:55)
    at DevServer.getCompilationError (file://C:\CODING\MaPorto\node_modules\next\dist\server\dev\next-dev-server.js:720:42)
    at DevServer.findPageComponents (file://C:\CODING\MaPorto\node_modules\next\dist\server\dev\next-dev-server.js:690:43)
    at async DevServer.renderErrorToResponseImpl (file://C:\CODING\MaPorto\node_modules\next\dist\server\base-server.js:1753:26)
[  519611ms] [LOG] [HMR] connected @ http://localhost:3000/_next/static/chunks/node_modules_next_dist_1gdrd03._.js:1226
[  519614ms] [ERROR] ./src/app/page.js:50:1
Unexpected token. Did you mean `{'}'}` or `&rbrace;`?
  48 |     </PageTransition>
  49 |   );
> 50 | }
     | ^
  51 |

Parsing ecmascript source code failed @ http://localhost:3000/_next/static/chunks/node_modules_next_dist_1gdrd03._.js:1945
[  519650ms] [ERROR] ./src/app/page.js:50:1
Unexpected token. Did you mean `{'}'}` or `&rbrace;`?
  48 |     </PageTransition>
  49 |   );
> 50 | }
     | ^
  51 |

Parsing ecmascript source code failed @ http://localhost:3000/_next/static/chunks/node_modules_next_dist_1gdrd03._.js:1945
[  519724ms] [LOG] [Fast Refresh] rebuilding @ http://localhost:3000/_next/static/chunks/node_modules_next_dist_1gdrd03._.js:1226
[  531909ms] [LOG] [Fast Refresh] rebuilding @ http://localhost:3000/_next/static/chunks/node_modules_next_dist_1gdrd03._.js:1226
[  532189ms] [ERROR] ./src/app/page.js:50:1
Unexpected token. Did you mean `{'}'}` or `&rbrace;`?
  48 |     </PageTransition>
  49 |   );
> 50 | }
     | ^
  51 |

Parsing ecmascript source code failed @ http://localhost:3000/_next/static/chunks/node_modules_next_dist_1gdrd03._.js:1945
[  532288ms] [ERROR] ./src/app/page.js:50:1
Unexpected token. Did you mean `{'}'}` or `&rbrace;`?
  48 |     </PageTransition>
  49 |   );
> 50 | }
     | ^
  51 |

Parsing ecmascript source code failed @ http://localhost:3000/_next/static/chunks/node_modules_next_dist_1gdrd03._.js:1945
[  532325ms] [ERROR] Failed to load resource: the server responded with a status of 500 (Internal Server Error) @ http://localhost:3000/:0
[  532384ms] [INFO] %cDownload the React DevTools for a better development experience: https://react.dev/link/react-devtools font-weight:bold @ http://localhost:3000/_next/static/chunks/node_modules_react-dom_0kla17-._.js:15305
[  532394ms] Error: ./src/app/page.js:50:1
Unexpected token. Did you mean `{'}'}` or `&rbrace;`?
  48 |     </PageTransition>
  49 |   );
> 50 | }
     | ^
  51 |

Parsing ecmascript source code failed


    at <unknown> (Error: ./src/app/page.js:50:1)
    at Object.getCompilationErrors (file://C:\CODING\MaPorto\node_modules\next\dist\server\dev\hot-reloader-turbopack.js:1186:59)
    at DevBundlerService.getCompilationError (file://C:\CODING\MaPorto\node_modules\next\dist\server\lib\dev-bundler-service.js:44:55)
    at DevServer.getCompilationError (file://C:\CODING\MaPorto\node_modules\next\dist\server\dev\next-dev-server.js:720:42)
    at DevServer.findPageComponents (file://C:\CODING\MaPorto\node_modules\next\dist\server\dev\next-dev-server.js:690:43)
    at async DevServer.renderErrorToResponseImpl (file://C:\CODING\MaPorto\node_modules\next\dist\server\base-server.js:1753:26)
[  532442ms] [LOG] [HMR] connected @ http://localhost:3000/_next/static/chunks/node_modules_next_dist_1gdrd03._.js:1226
[  532443ms] [ERROR] ./src/app/page.js:50:1
Unexpected token. Did you mean `{'}'}` or `&rbrace;`?
  48 |     </PageTransition>
  49 |   );
> 50 | }
     | ^
  51 |

Parsing ecmascript source code failed @ http://localhost:3000/_next/static/chunks/node_modules_next_dist_1gdrd03._.js:1945
[  532443ms] [ERROR] ./src/app/page.js:50:1
Unexpected token. Did you mean `{'}'}` or `&rbrace;`?
  48 |     </PageTransition>
  49 |   );
> 50 | }
     | ^
  51 |

Parsing ecmascript source code failed @ http://localhost:3000/_next/static/chunks/node_modules_next_dist_1gdrd03._.js:1945
[  532589ms] [LOG] [Fast Refresh] rebuilding @ http://localhost:3000/_next/static/chunks/node_modules_next_dist_1gdrd03._.js:1226
[  532591ms] [ERROR] ./src/app/page.js:50:1
Unexpected token. Did you mean `{'}'}` or `&rbrace;`?
  48 |     </PageTransition>
  49 |   );
> 50 | }
     | ^
  51 |

Parsing ecmascript source code failed @ http://localhost:3000/_next/static/chunks/node_modules_next_dist_1gdrd03._.js:1945
[  595417ms] [ERROR] ./src/app/page.js:50:1
Unexpected token. Did you mean `{'}'}` or `&rbrace;`?
  48 |     </PageTransition>
  49 |   );
> 50 | }
     | ^
  51 |

Parsing ecmascript source code failed @ http://localhost:3000/_next/static/chunks/node_modules_next_dist_1gdrd03._.js:1945
[  595478ms] [LOG] [Fast Refresh] rebuilding @ http://localhost:3000/_next/static/chunks/node_modules_next_dist_1gdrd03._.js:1226
[  595683ms] [ERROR] ./src/app/page.js:50:1
Unexpected token. Did you mean `{'}'}` or `&rbrace;`?
  48 |     </PageTransition>
  49 |   );
> 50 | }
     | ^
  51 |

Parsing ecmascript source code failed @ http://localhost:3000/_next/static/chunks/node_modules_next_dist_1gdrd03._.js:1945
[  595759ms] [LOG] [Fast Refresh] rebuilding @ http://localhost:3000/_next/static/chunks/node_modules_next_dist_1gdrd03._.js:1226
[  635126ms] [LOG] [Fast Refresh] rebuilding @ http://localhost:3000/_next/static/chunks/node_modules_next_dist_1gdrd03._.js:1226
[  635223ms] [LOG] [Fast Refresh] done in 126ms @ http://localhost:3000/_next/static/chunks/node_modules_next_dist_1gdrd03._.js:1226
[  635403ms] [LOG] [Fast Refresh] rebuilding @ http://localhost:3000/_next/static/chunks/node_modules_next_dist_1gdrd03._.js:1226
[  636007ms] [LOG] [Fast Refresh] done in 720ms @ http://localhost:3000/_next/static/chunks/node_modules_next_dist_1gdrd03._.js:1226
[  636240ms] [ERROR] Failed to load resource: the server responded with a status of 404 () @ https://cdn.simpleicons.org/amazonaws/white:0
[  636381ms] [INFO] %cDownload the React DevTools for a better development experience: https://react.dev/link/react-devtools font-weight:bold @ http://localhost:3000/_next/static/chunks/node_modules_next_dist_1ybzpk2._.js:2477
[  636502ms] [LOG] [HMR] connected @ http://localhost:3000/_next/static/chunks/node_modules_next_dist_1ybzpk2._.js:2477
[  729529ms] [LOG] [Fast Refresh] rebuilding @ http://localhost:3000/_next/static/chunks/node_modules_next_dist_1ybzpk2._.js:2477
[  729568ms] [LOG] [Fast Refresh] done in 147ms @ http://localhost:3000/_next/static/chunks/node_modules_next_dist_1ybzpk2._.js:2477
[ 1051791ms] [LOG] [Fast Refresh] rebuilding @ http://localhost:3000/_next/static/chunks/node_modules_next_dist_1ybzpk2._.js:2477
[ 1052486ms] [WARNING] [HMR] Invalid message: {"isTrusted":true}
TypeError: Cannot convert undefined or null to object
    at Object.keys (<anonymous>)
    at extractModulesFromTurbopackMessage (http://localhost:3000/_next/static/chunks/node_modules_next_dist_client_0r5nbpw._.js:13754:39)
    at TurbopackHmr.onTurbopackMessage (http://localhost:3000/_next/static/chunks/node_modules_next_dist_client_0r5nbpw._.js:13701:32)
    at processMessage (http://localhost:3000/_next/static/chunks/node_modules_next_dist_client_0r5nbpw._.js:14059:30)
    at WebSocket.handleMessage (http://localhost:3000/_next/static/chunks/node_modules_next_dist_client_0r5nbpw._.js:13458:52) @ http://localhost:3000/_next/static/chunks/node_modules_next_dist_1ybzpk2._.js:2477
[ 1052486ms] [LOG] [Fast Refresh] done in 738ms @ http://localhost:3000/_next/static/chunks/node_modules_next_dist_1ybzpk2._.js:2477
[ 1052699ms] [LOG] [Fast Refresh] rebuilding @ http://localhost:3000/_next/static/chunks/node_modules_next_dist_1ybzpk2._.js:2477
[ 1052994ms] [LOG] [Fast Refresh] done in 400ms @ http://localhost:3000/_next/static/chunks/node_modules_next_dist_1ybzpk2._.js:2477
[ 1053231ms] [ERROR] Failed to load resource: the server responded with a status of 404 () @ https://cdn.simpleicons.org/amazonaws/white:0
[ 1053300ms] [ERROR] Failed to load resource: the server responded with a status of 404 () @ https://cdn.simpleicons.org/amazonaws/white:0
[ 1053839ms] [WARNING] Invalid scope @ http://localhost:3000/_next/static/chunks/node_modules_next_dist_1ybzpk2._.js:2477
[ 1053840ms] [WARNING] Invalid scope @ http://localhost:3000/_next/static/chunks/node_modules_next_dist_1ybzpk2._.js:2477
[ 1053849ms] [WARNING] Invalid scope @ http://localhost:3000/_next/static/chunks/node_modules_next_dist_1ybzpk2._.js:2477
[ 1053849ms] [WARNING] Invalid scope @ http://localhost:3000/_next/static/chunks/node_modules_next_dist_1ybzpk2._.js:2477
[ 1053853ms] [WARNING] Invalid scope @ http://localhost:3000/_next/static/chunks/node_modules_next_dist_1ybzpk2._.js:2477
[ 1053853ms] [WARNING] Invalid scope @ http://localhost:3000/_next/static/chunks/node_modules_next_dist_1ybzpk2._.js:2477
[ 1054247ms] [LOG] [Fast Refresh] rebuilding @ http://localhost:3000/_next/static/chunks/node_modules_next_dist_1ybzpk2._.js:2477
[ 1054625ms] [WARNING] [HMR] Invalid message: {"isTrusted":true}
TypeError: Cannot convert undefined or null to object
    at Object.keys (<anonymous>)
    at extractModulesFromTurbopackMessage (http://localhost:3000/_next/static/chunks/node_modules_next_dist_client_0r5nbpw._.js:13754:39)
    at TurbopackHmr.onTurbopackMessage (http://localhost:3000/_next/static/chunks/node_modules_next_dist_client_0r5nbpw._.js:13701:32)
    at processMessage (http://localhost:3000/_next/static/chunks/node_modules_next_dist_client_0r5nbpw._.js:14059:30)
    at WebSocket.handleMessage (http://localhost:3000/_next/static/chunks/node_modules_next_dist_client_0r5nbpw._.js:13458:52) @ http://localhost:3000/_next/static/chunks/node_modules_next_dist_1ybzpk2._.js:2477
[ 1054625ms] [LOG] [Fast Refresh] done in 470ms @ http://localhost:3000/_next/static/chunks/node_modules_next_dist_1ybzpk2._.js:2477
[ 1054741ms] [LOG] [Fast Refresh] rebuilding @ http://localhost:3000/_next/static/chunks/node_modules_next_dist_1ybzpk2._.js:2477
[ 1054878ms] [LOG] [Fast Refresh] done in 248ms @ http://localhost:3000/_next/static/chunks/node_modules_next_dist_1ybzpk2._.js:2477
[ 1055076ms] [LOG] [Fast Refresh] rebuilding @ http://localhost:3000/_next/static/chunks/node_modules_next_dist_1ybzpk2._.js:2477
[ 1055283ms] [LOG] [Fast Refresh] done in 310ms @ http://localhost:3000/_next/static/chunks/node_modules_next_dist_1ybzpk2._.js:2477
[ 1057598ms] [LOG] [Fast Refresh] rebuilding @ http://localhost:3000/_next/static/chunks/node_modules_next_dist_1ybzpk2._.js:2477
[ 1057614ms] [LOG] [Fast Refresh] done in 44ms @ http://localhost:3000/_next/static/chunks/node_modules_next_dist_1ybzpk2._.js:2477
[ 1373115ms] [LOG] [Fast Refresh] rebuilding @ http://localhost:3000/_next/static/chunks/node_modules_next_dist_1ybzpk2._.js:2477
[ 1373394ms] [LOG] [Fast Refresh] done in 380ms @ http://localhost:3000/_next/static/chunks/node_modules_next_dist_1ybzpk2._.js:2477
[ 1379428ms] [LOG] [Fast Refresh] rebuilding @ http://localhost:3000/_next/static/chunks/node_modules_next_dist_1ybzpk2._.js:2477
[ 1379445ms] [LOG] [Fast Refresh] done in 132ms @ http://localhost:3000/_next/static/chunks/node_modules_next_dist_1ybzpk2._.js:2477
[ 1800038ms] [LOG] [Fast Refresh] rebuilding @ http://localhost:3000/_next/static/chunks/node_modules_next_dist_1ybzpk2._.js:2477
[ 1800054ms] [LOG] [Fast Refresh] done in 30ms @ http://localhost:3000/_next/static/chunks/node_modules_next_dist_1ybzpk2._.js:2477
[ 1804013ms] [LOG] [Fast Refresh] rebuilding @ http://localhost:3000/_next/static/chunks/node_modules_next_dist_1ybzpk2._.js:2477
[ 1804044ms] [LOG] [Fast Refresh] done in 30ms @ http://localhost:3000/_next/static/chunks/node_modules_next_dist_1ybzpk2._.js:2477
[ 1806046ms] [LOG] [Fast Refresh] rebuilding @ http://localhost:3000/_next/static/chunks/node_modules_next_dist_1ybzpk2._.js:2477
[ 1806078ms] [LOG] [Fast Refresh] done in 18ms @ http://localhost:3000/_next/static/chunks/node_modules_next_dist_1ybzpk2._.js:2477
[ 1808146ms] [LOG] [Fast Refresh] rebuilding @ http://localhost:3000/_next/static/chunks/node_modules_next_dist_1ybzpk2._.js:2477
[ 1808595ms] [LOG] [Fast Refresh] done in 551ms @ http://localhost:3000/_next/static/chunks/node_modules_next_dist_1ybzpk2._.js:2477
[ 1808710ms] [LOG] [Fast Refresh] rebuilding @ http://localhost:3000/_next/static/chunks/node_modules_next_dist_1ybzpk2._.js:2477
[ 1808805ms] [LOG] [Fast Refresh] done in 207ms @ http://localhost:3000/_next/static/chunks/node_modules_next_dist_1ybzpk2._.js:2477
[ 1809038ms] [LOG] [Fast Refresh] rebuilding @ http://localhost:3000/_next/static/chunks/node_modules_next_dist_1ybzpk2._.js:2477
[ 1809133ms] [LOG] [Fast Refresh] done in 210ms @ http://localhost:3000/_next/static/chunks/node_modules_next_dist_1ybzpk2._.js:2477
[ 1830445ms] [LOG] [Fast Refresh] rebuilding @ http://localhost:3000/_next/static/chunks/node_modules_next_dist_1ybzpk2._.js:2477
[ 1830573ms] [LOG] [Fast Refresh] done in 197ms @ http://localhost:3000/_next/static/chunks/node_modules_next_dist_1ybzpk2._.js:2477
[ 1830686ms] [LOG] [Fast Refresh] rebuilding @ http://localhost:3000/_next/static/chunks/node_modules_next_dist_1ybzpk2._.js:2477
[ 1830795ms] [LOG] [Fast Refresh] done in 219ms @ http://localhost:3000/_next/static/chunks/node_modules_next_dist_1ybzpk2._.js:2477
[ 2169781ms] [LOG] [Fast Refresh] rebuilding @ http://localhost:3000/_next/static/chunks/node_modules_next_dist_1ybzpk2._.js:2477
[ 2169881ms] [LOG] [Fast Refresh] done in 211ms @ http://localhost:3000/_next/static/chunks/node_modules_next_dist_1ybzpk2._.js:2477
[ 2497408ms] [LOG] [Fast Refresh] rebuilding @ http://localhost:3000/_next/static/chunks/node_modules_next_dist_1ybzpk2._.js:2477
[ 2497440ms] [LOG] [Fast Refresh] done in 13ms @ http://localhost:3000/_next/static/chunks/node_modules_next_dist_1ybzpk2._.js:2477
[ 2502072ms] [LOG] [Fast Refresh] rebuilding @ http://localhost:3000/_next/static/chunks/node_modules_next_dist_1ybzpk2._.js:2477
[ 2502209ms] [LOG] [Fast Refresh] done in 241ms @ http://localhost:3000/_next/static/chunks/node_modules_next_dist_1ybzpk2._.js:2477
[ 2502321ms] [LOG] [Fast Refresh] rebuilding @ http://localhost:3000/_next/static/chunks/node_modules_next_dist_1ybzpk2._.js:2477
[ 2502478ms] [LOG] [Fast Refresh] done in 266ms @ http://localhost:3000/_next/static/chunks/node_modules_next_dist_1ybzpk2._.js:2477
[ 2502586ms] [LOG] [Fast Refresh] rebuilding @ http://localhost:3000/_next/static/chunks/node_modules_next_dist_1ybzpk2._.js:2477
[ 2502858ms] [LOG] [Fast Refresh] done in 374ms @ http://localhost:3000/_next/static/chunks/node_modules_next_dist_1ybzpk2._.js:2477
[ 2502900ms] [ERROR] Failed to load resource: the server responded with a status of 500 (Internal Server Error) @ http://localhost:3000/:0
[ 2502980ms] [INFO] %cDownload the React DevTools for a better development experience: https://react.dev/link/react-devtools font-weight:bold @ http://localhost:3000/_next/static/chunks/node_modules_next_dist_1ybzpk2._.js:2477
[ 2503201ms] [LOG] [HMR] connected @ http://localhost:3000/_next/static/chunks/node_modules_next_dist_1ybzpk2._.js:2477
[ 2503432ms] [ERROR] Failed to load resource: the server responded with a status of 404 () @ https://cdn.simpleicons.org/amazonaws/white:0
[ 2503443ms] ReferenceError: rotateY is not defined
    at Card (http://localhost:3000/_next/static/chunks/src_components_15s_qzq._.js:1264:13)
    at Object.react_stack_bottom_frame (http://localhost:3000/_next/static/chunks/node_modules_next_dist_compiled_react-dom_096_9a-._.js:15037:24)
    at renderWithHooks (http://localhost:3000/_next/static/chunks/node_modules_next_dist_compiled_react-dom_096_9a-._.js:4620:24)
    at updateFunctionComponent (http://localhost:3000/_next/static/chunks/node_modules_next_dist_compiled_react-dom_096_9a-._.js:6081:21)
    at beginWork (http://localhost:3000/_next/static/chunks/node_modules_next_dist_compiled_react-dom_096_9a-._.js:6665:639)
    at runWithFiberInDEV (http://localhost:3000/_next/static/chunks/node_modules_next_dist_compiled_react-dom_096_9a-._.js:965:74)
    at performUnitOfWork (http://localhost:3000/_next/static/chunks/node_modules_next_dist_compiled_react-dom_096_9a-._.js:9555:97)
    at workLoopSync (http://localhost:3000/_next/static/chunks/node_modules_next_dist_compiled_react-dom_096_9a-._.js:9449:40)
    at renderRootSync (http://localhost:3000/_next/static/chunks/node_modules_next_dist_compiled_react-dom_096_9a-._.js:9433:13)
    at performWorkOnRoot (http://localhost:3000/_next/static/chunks/node_modules_next_dist_compiled_react-dom_096_9a-._.js:9098:47)
    at performWorkOnRootViaSchedulerTask (http://localhost:3000/_next/static/chunks/node_modules_next_dist_compiled_react-dom_096_9a-._.js:10255:9)
    at MessagePort.performWorkUntilDeadline (http://localhost:3000/_next/static/chunks/node_modules_next_dist_compiled_1amofcm._.js:2647:64)
[ 2529943ms] [LOG] [Fast Refresh] rebuilding @ http://localhost:3000/_next/static/chunks/node_modules_next_dist_1ybzpk2._.js:2477
[ 2530267ms] [WARNING] [Fast Refresh] performing full reload because your application had an unrecoverable error @ http://localhost:3000/_next/static/chunks/node_modules_next_dist_1ybzpk2._.js:2477
[ 2530271ms] [LOG] [Fast Refresh] done in 424ms @ http://localhost:3000/_next/static/chunks/node_modules_next_dist_1ybzpk2._.js:2477
[ 2530392ms] [LOG] [Fast Refresh] rebuilding @ http://localhost:3000/_next/static/chunks/node_modules_next_dist_1ybzpk2._.js:2477
[ 2530797ms] [LOG] [Fast Refresh] done in 519ms @ http://localhost:3000/_next/static/chunks/node_modules_next_dist_1ybzpk2._.js:2477
[ 2531062ms] [ERROR] Failed to load resource: the server responded with a status of 404 () @ https://cdn.simpleicons.org/amazonaws/white:0
[ 2531083ms] [INFO] %cDownload the React DevTools for a better development experience: https://react.dev/link/react-devtools font-weight:bold @ http://localhost:3000/_next/static/chunks/node_modules_next_dist_1ybzpk2._.js:2477
[ 2531129ms] [LOG] [HMR] connected @ http://localhost:3000/_next/static/chunks/node_modules_next_dist_1ybzpk2._.js:2477
[ 2542311ms] [LOG] [Fast Refresh] rebuilding @ http://localhost:3000/_next/static/chunks/node_modules_next_dist_1ybzpk2._.js:2477
[ 2542348ms] [LOG] [Fast Refresh] done in 20ms @ http://localhost:3000/_next/static/chunks/node_modules_next_dist_1ybzpk2._.js:2477
[ 2626314ms] [LOG] [Fast Refresh] rebuilding @ http://localhost:3000/_next/static/chunks/node_modules_next_dist_1ybzpk2._.js:2477
[ 2626338ms] [LOG] [Fast Refresh] done in 136ms @ http://localhost:3000/_next/static/chunks/node_modules_next_dist_1ybzpk2._.js:2477
[ 2860949ms] [LOG] [Fast Refresh] rebuilding @ http://localhost:3000/_next/static/chunks/node_modules_next_dist_1ybzpk2._.js:2477
[ 2861332ms] [LOG] [Fast Refresh] done in 461ms @ http://localhost:3000/_next/static/chunks/node_modules_next_dist_1ybzpk2._.js:2477
[ 2861447ms] [LOG] [Fast Refresh] rebuilding @ http://localhost:3000/_next/static/chunks/node_modules_next_dist_1ybzpk2._.js:2477
[ 2861548ms] [LOG] [Fast Refresh] done in 213ms @ http://localhost:3000/_next/static/chunks/node_modules_next_dist_1ybzpk2._.js:2477
[ 2861818ms] [LOG] [Fast Refresh] rebuilding @ http://localhost:3000/_next/static/chunks/node_modules_next_dist_1ybzpk2._.js:2477
[ 2861990ms] [LOG] [Fast Refresh] done in 276ms @ http://localhost:3000/_next/static/chunks/node_modules_next_dist_1ybzpk2._.js:2477
[ 2862945ms] [LOG] [Fast Refresh] rebuilding @ http://localhost:3000/_next/static/chunks/node_modules_next_dist_1ybzpk2._.js:2477
[ 2863069ms] [LOG] [Fast Refresh] done in 183ms @ http://localhost:3000/_next/static/chunks/node_modules_next_dist_1ybzpk2._.js:2477
[ 2863172ms] [LOG] [Fast Refresh] rebuilding @ http://localhost:3000/_next/static/chunks/node_modules_next_dist_1ybzpk2._.js:2477
[ 2863294ms] [LOG] [Fast Refresh] done in 221ms @ http://localhost:3000/_next/static/chunks/node_modules_next_dist_1ybzpk2._.js:2477
[ 2936492ms] [LOG] [Fast Refresh] rebuilding @ http://localhost:3000/_next/static/chunks/node_modules_next_dist_1ybzpk2._.js:2477
[ 2936765ms] [LOG] [Fast Refresh] done in 378ms @ http://localhost:3000/_next/static/chunks/node_modules_next_dist_1ybzpk2._.js:2477
[ 3231563ms] [LOG] [Fast Refresh] rebuilding @ http://localhost:3000/_next/static/chunks/node_modules_next_dist_1ybzpk2._.js:2477
[ 3231580ms] [ERROR] ./src/components/ProjectStack.module.css:27:1
Parsing CSS source code failed
  25 |   margin: 0 auto;
  26 | }
> 27 |
     | ^

Unexpected end of input

Generated code of PostCSS transform of file content of src/components/ProjectStack.module.css:
./src/components/ProjectStack.module.css:27:1
  25 |   margin: 0 auto;
  26 | }
> 27 |
     | ^

Import trace:
  Server Component:
    ./src/components/ProjectStack.module.css
    ./src/components/ProjectStack.js
    ./src/app/page.js @ http://localhost:3000/_next/static/chunks/node_modules_next_dist_1ybzpk2._.js:3318
[ 3231655ms] [ERROR] Failed to load resource: the server responded with a status of 500 (Internal Server Error) @ http://localhost:3000/?_rsc=q3mOO9BClNZHexY7:0
[ 3231739ms] [ERROR] Failed to load resource: the server responded with a status of 500 (Internal Server Error) @ http://localhost:3000/:0
[ 3231896ms] [INFO] %cDownload the React DevTools for a better development experience: https://react.dev/link/react-devtools font-weight:bold @ http://localhost:3000/_next/static/chunks/node_modules_react-dom_0kla17-._.js:15305
[ 3232022ms] Error: ./src/components/ProjectStack.module.css:27:1
Parsing CSS source code failed
  25 |   margin: 0 auto;
  26 | }
> 27 |
     | ^

Unexpected end of input

Generated code of PostCSS transform of file content of src/components/ProjectStack.module.css:
./src/components/ProjectStack.module.css:27:1
  25 |   margin: 0 auto;
  26 | }
> 27 |
     | ^

Import trace:
  Server Component:
    ./src/components/ProjectStack.module.css
    ./src/components/ProjectStack.js
    ./src/app/page.js


    at <unknown> (Error: ./src/components/ProjectStack.module.css:27:1)
    at <unknown> (./src/components/ProjectStack.module.css:27:1)
    at Object.getCompilationErrors (file://C:\CODING\MaPorto\node_modules\next\dist\server\dev\hot-reloader-turbopack.js:1186:59)
    at DevBundlerService.getCompilationError (file://C:\CODING\MaPorto\node_modules\next\dist\server\lib\dev-bundler-service.js:44:55)
    at DevServer.getCompilationError (file://C:\CODING\MaPorto\node_modules\next\dist\server\dev\next-dev-server.js:720:42)
    at DevServer.findPageComponents (file://C:\CODING\MaPorto\node_modules\next\dist\server\dev\next-dev-server.js:690:43)
    at async DevServer.renderErrorToResponseImpl (file://C:\CODING\MaPorto\node_modules\next\dist\server\base-server.js:1753:26)
[ 3232023ms] [LOG] [HMR] connected @ http://localhost:3000/_next/static/chunks/node_modules_next_dist_1gdrd03._.js:1226
[ 3232057ms] [ERROR] ./src/components/ProjectStack.module.css:27:1
Parsing CSS source code failed
  25 |   margin: 0 auto;
  26 | }
> 27 |
     | ^

Unexpected end of input

Generated code of PostCSS transform of file content of src/components/ProjectStack.module.css:
./src/components/ProjectStack.module.css:27:1
  25 |   margin: 0 auto;
  26 | }
> 27 |
     | ^

Import trace:
  Server Component:
    ./src/components/ProjectStack.module.css
    ./src/components/ProjectStack.js
    ./src/app/page.js @ http://localhost:3000/_next/static/chunks/node_modules_next_dist_1gdrd03._.js:1945
[ 3232140ms] [ERROR] ./src/components/ProjectStack.module.css:27:1
Parsing CSS source code failed
  25 |   margin: 0 auto;
  26 | }
> 27 |
     | ^

Unexpected end of input

Generated code of PostCSS transform of file content of src/components/ProjectStack.module.css:
./src/components/ProjectStack.module.css:27:1
  25 |   margin: 0 auto;
  26 | }
> 27 |
     | ^

Import trace:
  Server Component:
    ./src/components/ProjectStack.module.css
    ./src/components/ProjectStack.js
    ./src/app/page.js @ http://localhost:3000/_next/static/chunks/node_modules_next_dist_1gdrd03._.js:1945
[ 3232227ms] [LOG] [Fast Refresh] rebuilding @ http://localhost:3000/_next/static/chunks/node_modules_next_dist_1gdrd03._.js:1226
[ 3232257ms] [ERROR] ./src/components/ProjectStack.module.css:27:1
Parsing CSS source code failed
  25 |   margin: 0 auto;
  26 | }
> 27 |
     | ^

Unexpected end of input

Generated code of PostCSS transform of file content of src/components/ProjectStack.module.css:
./src/components/ProjectStack.module.css:27:1
  25 |   margin: 0 auto;
  26 | }
> 27 |
     | ^

Import trace:
  Server Component:
    ./src/components/ProjectStack.module.css
    ./src/components/ProjectStack.js
    ./src/app/page.js @ http://localhost:3000/_next/static/chunks/node_modules_next_dist_1gdrd03._.js:1945
[ 3232346ms] [LOG] [Fast Refresh] rebuilding @ http://localhost:3000/_next/static/chunks/node_modules_next_dist_1gdrd03._.js:1226
[ 3233159ms] [LOG] [Fast Refresh] rebuilding @ http://localhost:3000/_next/static/chunks/node_modules_next_dist_1gdrd03._.js:1226
[ 3233578ms] [ERROR] ./src/components/ProjectStack.module.css:27:1
Parsing CSS source code failed
  25 |   margin: 0 auto;
  26 | }
> 27 |
     | ^

Unexpected end of input

Generated code of PostCSS transform of file content of src/components/ProjectStack.module.css:
./src/components/ProjectStack.module.css:27:1
  25 |   margin: 0 auto;
  26 | }
> 27 |
     | ^

Import trace:
  Server Component:
    ./src/components/ProjectStack.module.css
    ./src/components/ProjectStack.js
    ./src/app/page.js @ http://localhost:3000/_next/static/chunks/node_modules_next_dist_1gdrd03._.js:1945
[ 3233677ms] [ERROR] Failed to load resource: the server responded with a status of 500 (Internal Server Error) @ http://localhost:3000/:0
[ 3233745ms] [INFO] %cDownload the React DevTools for a better development experience: https://react.dev/link/react-devtools font-weight:bold @ http://localhost:3000/_next/static/chunks/node_modules_react-dom_0kla17-._.js:15305
[ 3233771ms] Error: ./src/components/ProjectStack.module.css:27:1
Parsing CSS source code failed
  25 |   margin: 0 auto;
  26 | }
> 27 |
     | ^

Unexpected end of input

Generated code of PostCSS transform of file content of src/components/ProjectStack.module.css:
./src/components/ProjectStack.module.css:27:1
  25 |   margin: 0 auto;
  26 | }
> 27 |
     | ^

Import trace:
  Server Component:
    ./src/components/ProjectStack.module.css
    ./src/components/ProjectStack.js
    ./src/app/page.js


    at <unknown> (Error: ./src/components/ProjectStack.module.css:27:1)
    at <unknown> (./src/components/ProjectStack.module.css:27:1)
    at Object.getCompilationErrors (file://C:\CODING\MaPorto\node_modules\next\dist\server\dev\hot-reloader-turbopack.js:1186:59)
    at DevBundlerService.getCompilationError (file://C:\CODING\MaPorto\node_modules\next\dist\server\lib\dev-bundler-service.js:44:55)
    at DevServer.getCompilationError (file://C:\CODING\MaPorto\node_modules\next\dist\server\dev\next-dev-server.js:720:42)
    at DevServer.findPageComponents (file://C:\CODING\MaPorto\node_modules\next\dist\server\dev\next-dev-server.js:690:43)
    at async DevServer.renderErrorToResponseImpl (file://C:\CODING\MaPorto\node_modules\next\dist\server\base-server.js:1753:26)
[ 3233773ms] [LOG] [HMR] connected @ http://localhost:3000/_next/static/chunks/node_modules_next_dist_1gdrd03._.js:1226
[ 3233777ms] [ERROR] ./src/components/ProjectStack.module.css:27:1
Parsing CSS source code failed
  25 |   margin: 0 auto;
  26 | }
> 27 |
     | ^

Unexpected end of input

Generated code of PostCSS transform of file content of src/components/ProjectStack.module.css:
./src/components/ProjectStack.module.css:27:1
  25 |   margin: 0 auto;
  26 | }
> 27 |
     | ^

Import trace:
  Server Component:
    ./src/components/ProjectStack.module.css
    ./src/components/ProjectStack.js
    ./src/app/page.js @ http://localhost:3000/_next/static/chunks/node_modules_next_dist_1gdrd03._.js:1945
[ 3233836ms] [ERROR] ./src/components/ProjectStack.module.css:27:1
Parsing CSS source code failed
  25 |   margin: 0 auto;
  26 | }
> 27 |
     | ^

Unexpected end of input

Generated code of PostCSS transform of file content of src/components/ProjectStack.module.css:
./src/components/ProjectStack.module.css:27:1
  25 |   margin: 0 auto;
  26 | }
> 27 |
     | ^

Import trace:
  Server Component:
    ./src/components/ProjectStack.module.css
    ./src/components/ProjectStack.js
    ./src/app/page.js @ http://localhost:3000/_next/static/chunks/node_modules_next_dist_1gdrd03._.js:1945
[ 3233885ms] [LOG] [Fast Refresh] rebuilding @ http://localhost:3000/_next/static/chunks/node_modules_next_dist_1gdrd03._.js:1226
[ 3234013ms] [ERROR] ./src/components/ProjectStack.module.css:27:1
Parsing CSS source code failed
  25 |   margin: 0 auto;
  26 | }
> 27 |
     | ^

Unexpected end of input

Generated code of PostCSS transform of file content of src/components/ProjectStack.module.css:
./src/components/ProjectStack.module.css:27:1
  25 |   margin: 0 auto;
  26 | }
> 27 |
     | ^

Import trace:
  Server Component:
    ./src/components/ProjectStack.module.css
    ./src/components/ProjectStack.js
    ./src/app/page.js @ http://localhost:3000/_next/static/chunks/node_modules_next_dist_1gdrd03._.js:1945
[ 3234074ms] [LOG] [Fast Refresh] rebuilding @ http://localhost:3000/_next/static/chunks/node_modules_next_dist_1gdrd03._.js:1226
[ 3235159ms] [LOG] [Fast Refresh] rebuilding @ http://localhost:3000/_next/static/chunks/node_modules_next_dist_1gdrd03._.js:1226
[ 3235229ms] [ERROR] ./src/components/ProjectStack.module.css:27:1
Parsing CSS source code failed
  25 |   margin: 0 auto;
  26 | }
> 27 |
     | ^

Unexpected end of input

Generated code of PostCSS transform of file content of src/components/ProjectStack.module.css:
./src/components/ProjectStack.module.css:27:1
  25 |   margin: 0 auto;
  26 | }
> 27 |
     | ^

Import trace:
  Server Component:
    ./src/components/ProjectStack.module.css
    ./src/components/ProjectStack.js
    ./src/app/page.js @ http://localhost:3000/_next/static/chunks/node_modules_next_dist_1gdrd03._.js:1945
[ 3235268ms] [ERROR] ./src/components/ProjectStack.module.css:27:1
Parsing CSS source code failed
  25 |   margin: 0 auto;
  26 | }
> 27 |
     | ^

Unexpected end of input

Generated code of PostCSS transform of file content of src/components/ProjectStack.module.css:
./src/components/ProjectStack.module.css:27:1
  25 |   margin: 0 auto;
  26 | }
> 27 |
     | ^

Import trace:
  Server Component:
    ./src/components/ProjectStack.module.css
    ./src/components/ProjectStack.js
    ./src/app/page.js @ http://localhost:3000/_next/static/chunks/node_modules_next_dist_1gdrd03._.js:1945
[ 3235355ms] [ERROR] ./src/components/ProjectStack.module.css:27:1
Parsing CSS source code failed
  25 |   margin: 0 auto;
  26 | }
> 27 |
     | ^

Unexpected end of input

Generated code of PostCSS transform of file content of src/components/ProjectStack.module.css:
./src/components/ProjectStack.module.css:27:1
  25 |   margin: 0 auto;
  26 | }
> 27 |
     | ^

Import trace:
  Server Component:
    ./src/components/ProjectStack.module.css
    ./src/components/ProjectStack.js
    ./src/app/page.js @ http://localhost:3000/_next/static/chunks/node_modules_next_dist_1gdrd03._.js:1945
[ 3235368ms] [ERROR] Failed to load resource: the server responded with a status of 500 (Internal Server Error) @ http://localhost:3000/:0
[ 3235414ms] [INFO] %cDownload the React DevTools for a better development experience: https://react.dev/link/react-devtools font-weight:bold @ http://localhost:3000/_next/static/chunks/node_modules_react-dom_0kla17-._.js:15305
[ 3235432ms] Error: ./src/components/ProjectStack.module.css:27:1
Parsing CSS source code failed
  25 |   margin: 0 auto;
  26 | }
> 27 |
     | ^

Unexpected end of input

Generated code of PostCSS transform of file content of src/components/ProjectStack.module.css:
./src/components/ProjectStack.module.css:27:1
  25 |   margin: 0 auto;
  26 | }
> 27 |
     | ^

Import trace:
  Server Component:
    ./src/components/ProjectStack.module.css
    ./src/components/ProjectStack.js
    ./src/app/page.js


    at <unknown> (Error: ./src/components/ProjectStack.module.css:27:1)
    at <unknown> (./src/components/ProjectStack.module.css:27:1)
    at Object.getCompilationErrors (file://C:\CODING\MaPorto\node_modules\next\dist\server\dev\hot-reloader-turbopack.js:1186:59)
    at DevBundlerService.getCompilationError (file://C:\CODING\MaPorto\node_modules\next\dist\server\lib\dev-bundler-service.js:44:55)
    at DevServer.getCompilationError (file://C:\CODING\MaPorto\node_modules\next\dist\server\dev\next-dev-server.js:720:42)
    at DevServer.findPageComponents (file://C:\CODING\MaPorto\node_modules\next\dist\server\dev\next-dev-server.js:690:43)
    at async DevServer.renderErrorToResponseImpl (file://C:\CODING\MaPorto\node_modules\next\dist\server\base-server.js:1753:26)
[ 3235432ms] [LOG] [HMR] connected @ http://localhost:3000/_next/static/chunks/node_modules_next_dist_1gdrd03._.js:1226
[ 3235434ms] [ERROR] ./src/components/ProjectStack.module.css:27:1
Parsing CSS source code failed
  25 |   margin: 0 auto;
  26 | }
> 27 |
     | ^

Unexpected end of input

Generated code of PostCSS transform of file content of src/components/ProjectStack.module.css:
./src/components/ProjectStack.module.css:27:1
  25 |   margin: 0 auto;
  26 | }
> 27 |
     | ^

Import trace:
  Server Component:
    ./src/components/ProjectStack.module.css
    ./src/components/ProjectStack.js
    ./src/app/page.js @ http://localhost:3000/_next/static/chunks/node_modules_next_dist_1gdrd03._.js:1945
[ 3235480ms] [ERROR] ./src/components/ProjectStack.module.css:27:1
Parsing CSS source code failed
  25 |   margin: 0 auto;
  26 | }
> 27 |
     | ^

Unexpected end of input

Generated code of PostCSS transform of file content of src/components/ProjectStack.module.css:
./src/components/ProjectStack.module.css:27:1
  25 |   margin: 0 auto;
  26 | }
> 27 |
     | ^

Import trace:
  Server Component:
    ./src/components/ProjectStack.module.css
    ./src/components/ProjectStack.js
    ./src/app/page.js @ http://localhost:3000/_next/static/chunks/node_modules_next_dist_1gdrd03._.js:1945
[ 3235540ms] [LOG] [Fast Refresh] rebuilding @ http://localhost:3000/_next/static/chunks/node_modules_next_dist_1gdrd03._.js:1226
[ 3235653ms] [ERROR] ./src/components/ProjectStack.module.css:27:1
Parsing CSS source code failed
  25 |   margin: 0 auto;
  26 | }
> 27 |
     | ^

Unexpected end of input

Generated code of PostCSS transform of file content of src/components/ProjectStack.module.css:
./src/components/ProjectStack.module.css:27:1
  25 |   margin: 0 auto;
  26 | }
> 27 |
     | ^

Import trace:
  Server Component:
    ./src/components/ProjectStack.module.css
    ./src/components/ProjectStack.js
    ./src/app/page.js @ http://localhost:3000/_next/static/chunks/node_modules_next_dist_1gdrd03._.js:1945
[ 3235715ms] [LOG] [Fast Refresh] rebuilding @ http://localhost:3000/_next/static/chunks/node_modules_next_dist_1gdrd03._.js:1226
[ 3244254ms] [LOG] [Fast Refresh] rebuilding @ http://localhost:3000/_next/static/chunks/node_modules_next_dist_1gdrd03._.js:1226
[ 3244327ms] [LOG] [Fast Refresh] done in 86ms @ http://localhost:3000/_next/static/chunks/node_modules_next_dist_1gdrd03._.js:1226
[ 3244472ms] [LOG] [Fast Refresh] rebuilding @ http://localhost:3000/_next/static/chunks/node_modules_next_dist_1gdrd03._.js:1226
[ 3244805ms] [LOG] [Fast Refresh] done in 446ms @ http://localhost:3000/_next/static/chunks/node_modules_next_dist_1gdrd03._.js:1226
[ 3244909ms] [LOG] [Fast Refresh] rebuilding @ http://localhost:3000/_next/static/chunks/node_modules_next_dist_1gdrd03._.js:1226
[ 3244925ms] [LOG] [Fast Refresh] done in 118ms @ http://localhost:3000/_next/static/chunks/node_modules_next_dist_1gdrd03._.js:1226
[ 3245266ms] [ERROR] Failed to load resource: the server responded with a status of 404 () @ https://cdn.simpleicons.org/amazonaws/white:0
[ 3245410ms] [INFO] %cDownload the React DevTools for a better development experience: https://react.dev/link/react-devtools font-weight:bold @ http://localhost:3000/_next/static/chunks/node_modules_next_dist_1ybzpk2._.js:2477
[ 3245543ms] [LOG] [HMR] connected @ http://localhost:3000/_next/static/chunks/node_modules_next_dist_1ybzpk2._.js:2477
[ 3627128ms] [LOG] [Fast Refresh] rebuilding @ http://localhost:3000/_next/static/chunks/node_modules_next_dist_1ybzpk2._.js:2477
[ 3627144ms] [LOG] [Fast Refresh] done in 87ms @ http://localhost:3000/_next/static/chunks/node_modules_next_dist_1ybzpk2._.js:2477
[ 3627252ms] [LOG] [Fast Refresh] rebuilding @ http://localhost:3000/_next/static/chunks/node_modules_next_dist_1ybzpk2._.js:2477
[ 3627384ms] [LOG] [Fast Refresh] done in 235ms @ http://localhost:3000/_next/static/chunks/node_modules_next_dist_1ybzpk2._.js:2477
[ 3629085ms] [LOG] [Fast Refresh] rebuilding @ http://localhost:3000/_next/static/chunks/node_modules_next_dist_1ybzpk2._.js:2477
[ 3629151ms] [LOG] [Fast Refresh] done in 79ms @ http://localhost:3000/_next/static/chunks/node_modules_next_dist_1ybzpk2._.js:2477
[ 3629269ms] [LOG] [Fast Refresh] rebuilding @ http://localhost:3000/_next/static/chunks/node_modules_next_dist_1ybzpk2._.js:2477
[ 3629385ms] [LOG] [Fast Refresh] done in 231ms @ http://localhost:3000/_next/static/chunks/node_modules_next_dist_1ybzpk2._.js:2477
[ 3629538ms] [LOG] [Fast Refresh] rebuilding @ http://localhost:3000/_next/static/chunks/node_modules_next_dist_1ybzpk2._.js:2477
[ 3629574ms] [LOG] [Fast Refresh] done in 139ms @ http://localhost:3000/_next/static/chunks/node_modules_next_dist_1ybzpk2._.js:2477
